<?xml version="1.0" encoding="utf-8"?>
<UpgradeLog>
  <Settings>
    <Setting Name="LogFile" Value="SKS.log" />
    <Setting Name="GenerateInterfacesForClasses" Value="FALSE" />
    <Setting Name="ProjectName" Value="SKS" />
    <Setting Name="OutputName" Value="SKS.csproj" />
    <Setting Name="OutputDir" Value="C:\A1\_work\out\Upgraded\" />
    <Setting Name="ProjectPath" Value="C:\A1\_work\r7\a\SrcCode\src\WFNet\Source\SKS\SKS_VB6\SKS.vbp" />
    <Setting Name="MigrateProjectTo" Value="WinExe" />
  </Settings>
  <File OldPath="C:\A1\_work\r7\a\SrcCode\src\WFNet\Source\SKS\SKS_VB6\frmMain.frm" NewPath="C:\A1\_work\out\Upgraded\frmMain.cs" FileType="MDI Form" Upgraded="True">
    <Section Name="(Layout)">
      <Issue Type="Design" Number="2064" ObjectName="sbStatusBar_Panels_Panel1" ObjectType="MSComctlLib.Panel" PME="MinWidth" Qty="1">MSComctlLib.Panel property sbStatusBar_Panels_Panel1.MinWidth was not upgraded.</Issue>
    </Section>
    <Section Name="MDIForm_Load">
      <Issue Type="Runtime" Number="2080" ObjectType="Form" PME="Load" Qty="1">Form_Load event was upgraded to Form_Load method and has a new behavior.</Issue>
    </Section>
  </File>
  <File OldPath="C:\A1\_work\r7\a\SrcCode\src\WFNet\Source\SKS\SKS_VB6\frmAbout.frm" NewPath="C:\A1\_work\out\Upgraded\frmAbout.cs" FileType="Form" Upgraded="True">
    <Section Name="(Layout)">
      <Issue Type="Design" Number="2045" ObjectName="lblTitle" ObjectType="Label" PME="Font" Qty="1">Only TrueType and OpenType fonts are supported in Windows Forms.</Issue>
      <Issue Type="Design" Number="2064" ObjectName="frmAbout" ObjectType="Form" PME="ClipControls" Qty="1">Form property frmAbout.ClipControls was not upgraded.</Issue>
      <Issue Type="Design" Number="2038" ObjectName="frmAbout" ObjectType="Form" PME="ScaleMode" Qty="1">Form property Me.ScaleMode is not supported.</Issue>
      <Issue Type="Design" Number="2064" ObjectName="picIcon" ObjectType="PictureBox" PME="ClipControls" Qty="1">PictureBox property picIcon.ClipControls was not upgraded.</Issue>
      <Issue Type="Design" Number="2064" ObjectName="picIcon" ObjectType="PictureBox" PME="DragIcon" Qty="1">PictureBox property picIcon.DragIcon was not upgraded.</Issue>
      <Issue Type="Design" Number="2064" ObjectName="picIcon" ObjectType="PictureBox" PME="ScaleMode" Qty="1">PictureBox property picIcon.ScaleMode was not upgraded.</Issue>
      <Issue Type="Design" Number="2064" ObjectName="_Line1_0" ObjectType="Line" PME="BorderWidth" Qty="1">Line property _Line1_0.BorderWidth was not upgraded.</Issue>
    </Section>
    <Section Name="Form_Load">
      <Issue Type="Runtime" Number="2080" ObjectType="Form" PME="Load" Qty="1">Form_Load event was upgraded to Form_Load method and has a new behavior.</Issue>
    </Section>
  </File>
  <File OldPath="C:\A1\_work\r7\a\SrcCode\src\WFNet\Source\SKS\SKS_VB6\frmLogin.frm" NewPath="C:\A1\_work\out\Upgraded\frmLogin.cs" FileType="Form" Upgraded="True">
    <Section Name="(Layout)">
      <Issue Type="Design" Number="2038" ObjectName="frmLogin" ObjectType="Form" PME="ScaleMode" Qty="1">Form property Me.ScaleMode is not supported.</Issue>
    </Section>
  </File>
  <File OldPath="C:\A1\_work\r7\a\SrcCode\src\WFNet\Source\SKS\SKS_VB6\modFunctions.bas" NewPath="C:\A1\_work\out\Upgraded\modFunctions.cs" FileType="Module" Upgraded="True">
    <Section Name="AppendAND">
      <Issue Type="Runtime" Number="2080" ObjectName="Information" ObjectType="Boolean" PME="IsEmpty" Qty="1">IsEmpty was upgraded to a comparison and has a new behavior.</Issue>
    </Section>
    <Section Name="Exists">
      <Issue Type="Runtime" Number="1068" Qty="1">col() of type Variant is being forced to Scalar.</Issue>
      <Issue Type="Runtime" Number="2080" ObjectName="Information" ObjectType="Boolean" PME="IsEmpty" Qty="1">IsEmpty was upgraded to a comparison and has a new behavior.</Issue>
    </Section>
    <Section Name="LoadCombo">
      <Issue Type="Runtime" Number="2080" ObjectName="Information" ObjectType="Boolean" PME="IsEmpty" Qty="1">IsEmpty was upgraded to a comparison and has a new behavior.</Issue>
    </Section>
    <Section Name="ComboEmpty">
      <Issue Type="Runtime" Number="2080" ObjectName="Information" ObjectType="Boolean" PME="IsEmpty" Qty="1">IsEmpty was upgraded to a comparison and has a new behavior.</Issue>
    </Section>
    <Section Name="NoRecords">
      <Issue Type="Runtime" Number="2080" ObjectName="Information" ObjectType="Boolean" PME="IsEmpty" Qty="1">IsEmpty was upgraded to a comparison and has a new behavior.</Issue>
    </Section>
    <Section Name="RcrdId">
      <Issue Type="Runtime" Number="2080" ObjectName="Information" ObjectType="Boolean" PME="IsEmpty" Qty="1">IsEmpty was upgraded to a comparison and has a new behavior.</Issue>
    </Section>
    <Section Name="TextBoxEmpty">
      <Issue Type="Runtime" Number="2080" ObjectName="Information" ObjectType="Boolean" PME="IsEmpty" Qty="2">IsEmpty was upgraded to a comparison and has a new behavior.</Issue>
    </Section>
    <Section Name="ExecErr">
      <Issue Type="Runtime" Number="2080" ObjectName="Information" ObjectType="Boolean" PME="IsEmpty" Qty="1">IsEmpty was upgraded to a comparison and has a new behavior.</Issue>
    </Section>
  </File>
  <File OldPath="C:\A1\_work\r7\a\SrcCode\src\WFNet\Source\SKS\SKS_VB6\modConnection.bas" NewPath="C:\A1\_work\out\Upgraded\modConnection.cs" FileType="Module" Upgraded="True">
    <Section Name="OpenConnection">
      <Issue Type="ToDo" Number="7010" ObjectName="CurrentConnection" ObjectType="ADODB.Connection" PME="Open" Qty="1">The connection string must be verified to fullfill the .NET data provider connection string requirements.</Issue>
    </Section>
  </File>
  <File OldPath="C:\A1\_work\r7\a\SrcCode\src\WFNet\Source\SKS\SKS_VB6\modMain.bas" NewPath="C:\A1\_work\out\Upgraded\modMain.cs" FileType="Module" Upgraded="True">
    <Section Name="Main">
      <Issue Type="Runtime" Number="1047" Qty="1">Application will terminate when Sub Main() finishes.</Issue>
    </Section>
  </File>
  <File OldPath="C:\A1\_work\r7\a\SrcCode\src\WFNet\Source\SKS\SKS_VB6\frmSearch.frm" NewPath="C:\A1\_work\out\Upgraded\frmSearch.cs" FileType="Form" Upgraded="True">
    <Section Name="(Layout)">
      <Issue Type="Design" Number="2045" ObjectName="Label19" ObjectType="Label" PME="Font" Qty="1">Only TrueType and OpenType fonts are supported in Windows Forms.</Issue>
      <Issue Type="Design" Number="2045" ObjectName="Label1" ObjectType="Label" PME="Font" Qty="1">Only TrueType and OpenType fonts are supported in Windows Forms.</Issue>
      <Issue Type="Design" Number="2045" ObjectName="lblSrchBy" ObjectType="Label" PME="Font" Qty="1">Only TrueType and OpenType fonts are supported in Windows Forms.</Issue>
    </Section>
    <Section Name="Search">
      <Issue Type="Runtime" Number="2080" ObjectName="Information" ObjectType="Boolean" PME="IsEmpty" Qty="1">IsEmpty was upgraded to a comparison and has a new behavior.</Issue>
    </Section>
    <Section Name="cmdSearch_Click">
      <Issue Type="Runtime" Number="2080" ObjectName="Information" ObjectType="Boolean" PME="IsEmpty" Qty="1">IsEmpty was upgraded to a comparison and has a new behavior.</Issue>
    </Section>
  </File>
  <File OldPath="C:\A1\_work\r7\a\SrcCode\src\WFNet\Source\SKS\SKS_VB6\frmUsersManage.frm" NewPath="C:\A1\_work\out\Upgraded\frmUsersManage.cs" FileType="Form" Upgraded="True">
    <Section Name="(Layout)">
      <Issue Type="Design" Number="2045" ObjectName="Label1_2" ObjectType="Label" PME="Font" Qty="1">Only TrueType and OpenType fonts are supported in Windows Forms.</Issue>
      <Issue Type="Design" Number="2045" ObjectName="Label1_0" ObjectType="Label" PME="Font" Qty="1">Only TrueType and OpenType fonts are supported in Windows Forms.</Issue>
      <Issue Type="Design" Number="2045" ObjectName="Label1_1" ObjectType="Label" PME="Font" Qty="1">Only TrueType and OpenType fonts are supported in Windows Forms.</Issue>
      <Issue Type="Design" Number="2045" ObjectName="Label1_3" ObjectType="Label" PME="Font" Qty="1">Only TrueType and OpenType fonts are supported in Windows Forms.</Issue>
      <Issue Type="Design" Number="2045" ObjectName="Frame1" ObjectType="Frame" PME="Font" Qty="1">Only TrueType and OpenType fonts are supported in Windows Forms.</Issue>
      <Issue Type="Design" Number="2045" ObjectName="Label1_4" ObjectType="Label" PME="Font" Qty="1">Only TrueType and OpenType fonts are supported in Windows Forms.</Issue>
      <Issue Type="Design" Number="2045" ObjectName="Label19" ObjectType="Label" PME="Font" Qty="1">Only TrueType and OpenType fonts are supported in Windows Forms.</Issue>
      <Issue Type="Design" Number="2064" ObjectName="lstAccounts" ObjectType="MSComctlLib.ListView" PME="LabelWrap" Qty="1">MSComctlLib.ListView property lstAccounts.LabelWrap was not upgraded.</Issue>
      <Issue Type="Design" Number="2064" ObjectName="lstAccounts_ColumnHeader_2_" ObjectType="MSComctlLib.ColumnHeader" PME="SubItemIndex" Qty="1">MSComctlLib.ColumnHeader property lstAccounts_ColumnHeader_2_.SubItemIndex was not upgraded.</Issue>
      <Issue Type="Design" Number="2064" ObjectName="lstAccounts_ColumnHeader_3_" ObjectType="MSComctlLib.ColumnHeader" PME="SubItemIndex" Qty="1">MSComctlLib.ColumnHeader property lstAccounts_ColumnHeader_3_.SubItemIndex was not upgraded.</Issue>
      <Issue Type="Design" Number="2070" ObjectName="MousePointerConstants" ObjectType="MousePointerConstants" PME="vbCustom" Qty="1">Constant vbCustom was not upgraded.</Issue>
    </Section>
    <Section Name="Form_Load">
      <Issue Type="Runtime" Number="2080" ObjectType="Form" PME="Load" Qty="1">Form_Load event was upgraded to Form_Load method and has a new behavior.</Issue>
    </Section>
  </File>
  <File OldPath="C:\A1\_work\r7\a\SrcCode\src\WFNet\Source\SKS\SKS_VB6\frmCustomers.frm" NewPath="C:\A1\_work\out\Upgraded\frmCustomers.cs" FileType="Form" Upgraded="True">
    <Section Name="(Layout)">
      <Issue Type="Design" Number="2045" ObjectName="dcCustomers" ObjectType="Adodc" PME="Font" Qty="1">Only TrueType and OpenType fonts are supported in Windows Forms.</Issue>
      <Issue Type="Design" Number="2064" ObjectName="dcCustomers" ObjectType="MSAdodcLib.Adodc" PME="ConnectionTimeout" Qty="1">MSAdodcLib.Adodc property dcCustomers.ConnectionTimeout was not upgraded.</Issue>
      <Issue Type="Design" Number="2064" ObjectName="dcCustomers" ObjectType="MSAdodcLib.Adodc" PME="CursorType" Qty="1">MSAdodcLib.Adodc property dcCustomers.CursorType was not upgraded.</Issue>
      <Issue Type="Design" Number="2064" ObjectName="dcCustomers" ObjectType="MSAdodcLib.Adodc" PME="CacheSize" Qty="1">MSAdodcLib.Adodc property dcCustomers.CacheSize was not upgraded.</Issue>
      <Issue Type="Design" Number="2064" ObjectName="dcCustomers" ObjectType="MSAdodcLib.Adodc" PME="MaxRecords" Qty="1">MSAdodcLib.Adodc property dcCustomers.MaxRecords was not upgraded.</Issue>
      <Issue Type="Design" Number="2064" ObjectName="dcCustomers" ObjectType="MSAdodcLib.Adodc" PME="Orientation" Qty="1">MSAdodcLib.Adodc property dcCustomers.Orientation was not upgraded.</Issue>
      <Issue Type="Design" Number="2064" ObjectName="_txtField_4" ObjectType="TextBox" PME="DataField" Qty="1">TextBox property _txtField_4.DataField was not upgraded.</Issue>
      <Issue Type="Design" Number="2064" ObjectName="_txtField_4" ObjectType="TextBox" PME="DataSource" Qty="1">TextBox property _txtField_4.DataSource was not upgraded.</Issue>
      <Issue Type="Design" Number="2064" ObjectName="_txtField_0" ObjectType="TextBox" PME="DataField" Qty="1">TextBox property _txtField_0.DataField was not upgraded.</Issue>
      <Issue Type="Design" Number="2064" ObjectName="_txtField_0" ObjectType="TextBox" PME="DataSource" Qty="1">TextBox property _txtField_0.DataSource was not upgraded.</Issue>
      <Issue Type="Design" Number="2064" ObjectName="_txtField_6" ObjectType="TextBox" PME="DataField" Qty="1">TextBox property _txtField_6.DataField was not upgraded.</Issue>
      <Issue Type="Design" Number="2064" ObjectName="_txtField_6" ObjectType="TextBox" PME="DataSource" Qty="1">TextBox property _txtField_6.DataSource was not upgraded.</Issue>
      <Issue Type="Design" Number="2064" ObjectName="_txtField_7" ObjectType="TextBox" PME="DataField" Qty="1">TextBox property _txtField_7.DataField was not upgraded.</Issue>
      <Issue Type="Design" Number="2064" ObjectName="_txtField_7" ObjectType="TextBox" PME="DataSource" Qty="1">TextBox property _txtField_7.DataSource was not upgraded.</Issue>
      <Issue Type="Design" Number="2064" ObjectName="_txtField_2" ObjectType="TextBox" PME="DataField" Qty="1">TextBox property _txtField_2.DataField was not upgraded.</Issue>
      <Issue Type="Design" Number="2064" ObjectName="_txtField_2" ObjectType="TextBox" PME="DataSource" Qty="1">TextBox property _txtField_2.DataSource was not upgraded.</Issue>
      <Issue Type="Design" Number="2064" ObjectName="_txtField_1" ObjectType="TextBox" PME="DataField" Qty="1">TextBox property _txtField_1.DataField was not upgraded.</Issue>
      <Issue Type="Design" Number="2064" ObjectName="_txtField_1" ObjectType="TextBox" PME="DataSource" Qty="1">TextBox property _txtField_1.DataSource was not upgraded.</Issue>
      <Issue Type="Design" Number="2064" ObjectName="_txtField_3" ObjectType="TextBox" PME="DataField" Qty="1">TextBox property _txtField_3.DataField was not upgraded.</Issue>
      <Issue Type="Design" Number="2064" ObjectName="_txtField_3" ObjectType="TextBox" PME="DataSource" Qty="1">TextBox property _txtField_3.DataSource was not upgraded.</Issue>
      <Issue Type="Design" Number="2064" ObjectName="_txtField_5" ObjectType="TextBox" PME="DataField" Qty="1">TextBox property _txtField_5.DataField was not upgraded.</Issue>
      <Issue Type="Design" Number="2064" ObjectName="_txtField_5" ObjectType="TextBox" PME="DataSource" Qty="1">TextBox property _txtField_5.DataSource was not upgraded.</Issue>
      <Issue Type="Design" Number="2064" ObjectName="_txtField_11" ObjectType="TextBox" PME="DataField" Qty="1">TextBox property _txtField_11.DataField was not upgraded.</Issue>
      <Issue Type="Design" Number="2064" ObjectName="_txtField_11" ObjectType="TextBox" PME="DataSource" Qty="1">TextBox property _txtField_11.DataSource was not upgraded.</Issue>
      <Issue Type="Design" Number="2064" ObjectName="_txtField_13" ObjectType="TextBox" PME="DataField" Qty="1">TextBox property _txtField_13.DataField was not upgraded.</Issue>
      <Issue Type="Design" Number="2064" ObjectName="_txtField_13" ObjectType="TextBox" PME="DataSource" Qty="1">TextBox property _txtField_13.DataSource was not upgraded.</Issue>
      <Issue Type="Design" Number="2064" ObjectName="_txtField_12" ObjectType="TextBox" PME="DataField" Qty="1">TextBox property _txtField_12.DataField was not upgraded.</Issue>
      <Issue Type="Design" Number="2064" ObjectName="_txtField_12" ObjectType="TextBox" PME="DataSource" Qty="1">TextBox property _txtField_12.DataSource was not upgraded.</Issue>
      <Issue Type="Design" Number="2064" ObjectName="_txtField_8" ObjectType="TextBox" PME="DataField" Qty="1">TextBox property _txtField_8.DataField was not upgraded.</Issue>
      <Issue Type="Design" Number="2064" ObjectName="_txtField_8" ObjectType="TextBox" PME="DataSource" Qty="1">TextBox property _txtField_8.DataSource was not upgraded.</Issue>
      <Issue Type="Design" Number="2064" ObjectName="_txtField_10" ObjectType="TextBox" PME="DataField" Qty="1">TextBox property _txtField_10.DataField was not upgraded.</Issue>
      <Issue Type="Design" Number="2064" ObjectName="_txtField_10" ObjectType="TextBox" PME="DataSource" Qty="1">TextBox property _txtField_10.DataSource was not upgraded.</Issue>
      <Issue Type="Design" Number="2064" ObjectName="_txtField_14" ObjectType="TextBox" PME="DataField" Qty="1">TextBox property _txtField_14.DataField was not upgraded.</Issue>
      <Issue Type="Design" Number="2064" ObjectName="_txtField_14" ObjectType="TextBox" PME="DataSource" Qty="1">TextBox property _txtField_14.DataSource was not upgraded.</Issue>
      <Issue Type="Design" Number="2064" ObjectName="_txtField_9" ObjectType="TextBox" PME="DataField" Qty="1">TextBox property _txtField_9.DataField was not upgraded.</Issue>
      <Issue Type="Design" Number="2064" ObjectName="_txtField_9" ObjectType="TextBox" PME="DataSource" Qty="1">TextBox property _txtField_9.DataSource was not upgraded.</Issue>
      <Issue Type="Design" Number="2064" ObjectName="ImageList1" ObjectType="MSComctlLib.ImageList" PME="Location" Qty="1">MSComctlLib.ImageList method ImageList1.Location was not upgraded.</Issue>
      <Issue Type="Design" Number="2064" ObjectName="Toolbar1" ObjectType="MSComctlLib.Toolbar" PME="ButtonWidth" Qty="1">MSComctlLib.Toolbar property Toolbar1.ButtonWidth was not upgraded.</Issue>
      <Issue Type="Design" Number="2064" ObjectName="Toolbar1" ObjectType="MSComctlLib.Toolbar" PME="ButtonHeight" Qty="1">MSComctlLib.Toolbar property Toolbar1.ButtonHeight was not upgraded.</Issue>
      <Issue Type="Design" Number="2064" ObjectName="Toolbar1" ObjectType="MSComctlLib.Toolbar" PME="Appearance" Qty="1">MSComctlLib.Toolbar property Toolbar1.Appearance was not upgraded.</Issue>
      <Issue Type="Design" Number="2064" ObjectName="Toolbar1_Buttons_Button1" ObjectType="MSComctlLib.IButton" PME="AutoSize" Qty="1">MSComctlLib.IButton method Toolbar1_Buttons_Button1.AutoSize was not upgraded.</Issue>
      <Issue Type="Design" Number="2064" ObjectName="Toolbar1_Buttons_Button2" ObjectType="MSComctlLib.IButton" PME="AutoSize" Qty="1">MSComctlLib.IButton method Toolbar1_Buttons_Button2.AutoSize was not upgraded.</Issue>
      <Issue Type="Design" Number="2064" ObjectName="Toolbar1_Buttons_Button3" ObjectType="MSComctlLib.IButton" PME="AutoSize" Qty="1">MSComctlLib.IButton method Toolbar1_Buttons_Button3.AutoSize was not upgraded.</Issue>
      <Issue Type="Design" Number="2064" ObjectName="Toolbar1_Buttons_Button4" ObjectType="MSComctlLib.IButton" PME="AutoSize" Qty="1">MSComctlLib.IButton method Toolbar1_Buttons_Button4.AutoSize was not upgraded.</Issue>
      <Issue Type="Design" Number="2064" ObjectName="Toolbar1_Buttons_Button5" ObjectType="MSComctlLib.IButton" PME="AutoSize" Qty="1">MSComctlLib.IButton method Toolbar1_Buttons_Button5.AutoSize was not upgraded.</Issue>
      <Issue Type="Design" Number="2064" ObjectName="Toolbar1_Buttons_Button6" ObjectType="MSComctlLib.IButton" PME="AutoSize" Qty="1">MSComctlLib.IButton method Toolbar1_Buttons_Button6.AutoSize was not upgraded.</Issue>
    </Section>
    <Section Name="Form_Load">
      <Issue Type="Runtime" Number="2080" ObjectType="Form" PME="Load" Qty="1">Form_Load event was upgraded to Form_Load method and has a new behavior.</Issue>
    </Section>
  </File>
  <File OldPath="C:\A1\_work\r7\a\SrcCode\src\WFNet\Source\SKS\SKS_VB6\frmProducts.frm" NewPath="C:\A1\_work\out\Upgraded\frmProducts.cs" FileType="Form" Upgraded="True">
    <Section Name="(Layout)">
      <Issue Type="Design" Number="2045" ObjectName="dcProducts" ObjectType="Adodc" PME="Font" Qty="1">Only TrueType and OpenType fonts are supported in Windows Forms.</Issue>
      <Issue Type="Design" Number="2064" ObjectName="_txtField_6" ObjectType="TextBox" PME="DataField" Qty="1">TextBox property _txtField_6.DataField was not upgraded.</Issue>
      <Issue Type="Design" Number="2064" ObjectName="_txtField_6" ObjectType="TextBox" PME="DataFormat" Qty="1">TextBox property _txtField_6.DataFormat was not upgraded.</Issue>
      <Issue Type="Design" Number="2064" ObjectName="_txtField_6" ObjectType="TextBox" PME="DataSource" Qty="1">TextBox property _txtField_6.DataSource was not upgraded.</Issue>
      <Issue Type="Design" Number="2064" ObjectName="_txtField_0" ObjectType="TextBox" PME="DataField" Qty="1">TextBox property _txtField_0.DataField was not upgraded.</Issue>
      <Issue Type="Design" Number="2064" ObjectName="_txtField_0" ObjectType="TextBox" PME="DataSource" Qty="1">TextBox property _txtField_0.DataSource was not upgraded.</Issue>
      <Issue Type="Design" Number="2064" ObjectName="_txtField_5" ObjectType="TextBox" PME="DataField" Qty="1">TextBox property _txtField_5.DataField was not upgraded.</Issue>
      <Issue Type="Design" Number="2064" ObjectName="_txtField_5" ObjectType="TextBox" PME="DataFormat" Qty="1">TextBox property _txtField_5.DataFormat was not upgraded.</Issue>
      <Issue Type="Design" Number="2064" ObjectName="_txtField_5" ObjectType="TextBox" PME="DataSource" Qty="1">TextBox property _txtField_5.DataSource was not upgraded.</Issue>
      <Issue Type="Design" Number="2064" ObjectName="_txtField_4" ObjectType="TextBox" PME="DataField" Qty="1">TextBox property _txtField_4.DataField was not upgraded.</Issue>
      <Issue Type="Design" Number="2064" ObjectName="_txtField_4" ObjectType="TextBox" PME="DataFormat" Qty="1">TextBox property _txtField_4.DataFormat was not upgraded.</Issue>
      <Issue Type="Design" Number="2064" ObjectName="_txtField_4" ObjectType="TextBox" PME="DataSource" Qty="1">TextBox property _txtField_4.DataSource was not upgraded.</Issue>
      <Issue Type="Design" Number="2064" ObjectName="_txtField_3" ObjectType="TextBox" PME="DataField" Qty="1">TextBox property _txtField_3.DataField was not upgraded.</Issue>
      <Issue Type="Design" Number="2064" ObjectName="_txtField_3" ObjectType="TextBox" PME="DataSource" Qty="1">TextBox property _txtField_3.DataSource was not upgraded.</Issue>
      <Issue Type="Design" Number="2064" ObjectName="_txtField_2" ObjectType="TextBox" PME="DataField" Qty="1">TextBox property _txtField_2.DataField was not upgraded.</Issue>
      <Issue Type="Design" Number="2064" ObjectName="_txtField_2" ObjectType="TextBox" PME="DataSource" Qty="1">TextBox property _txtField_2.DataSource was not upgraded.</Issue>
      <Issue Type="Design" Number="2064" ObjectName="_txtField_1" ObjectType="TextBox" PME="DataField" Qty="1">TextBox property _txtField_1.DataField was not upgraded.</Issue>
      <Issue Type="Design" Number="2064" ObjectName="_txtField_1" ObjectType="TextBox" PME="DataSource" Qty="1">TextBox property _txtField_1.DataSource was not upgraded.</Issue>
      <Issue Type="Design" Number="2064" ObjectName="Check1" ObjectType="CheckBox" PME="DataField" Qty="1">CheckBox property Check1.DataField was not upgraded.</Issue>
      <Issue Type="Design" Number="2064" ObjectName="Check1" ObjectType="CheckBox" PME="DataSource" Qty="1">CheckBox property Check1.DataSource was not upgraded.</Issue>
      <Issue Type="Design" Number="2064" ObjectName="txtCategory" ObjectType="TextBox" PME="DataField" Qty="1">TextBox property txtCategory.DataField was not upgraded.</Issue>
      <Issue Type="Design" Number="2064" ObjectName="txtCategory" ObjectType="TextBox" PME="DataSource" Qty="1">TextBox property txtCategory.DataSource was not upgraded.</Issue>
      <Issue Type="Design" Number="2064" ObjectName="dcProducts" ObjectType="MSAdodcLib.Adodc" PME="ConnectionTimeout" Qty="1">MSAdodcLib.Adodc property dcProducts.ConnectionTimeout was not upgraded.</Issue>
      <Issue Type="Design" Number="2064" ObjectName="dcProducts" ObjectType="MSAdodcLib.Adodc" PME="CursorType" Qty="1">MSAdodcLib.Adodc property dcProducts.CursorType was not upgraded.</Issue>
      <Issue Type="Design" Number="2064" ObjectName="dcProducts" ObjectType="MSAdodcLib.Adodc" PME="CacheSize" Qty="1">MSAdodcLib.Adodc property dcProducts.CacheSize was not upgraded.</Issue>
      <Issue Type="Design" Number="2064" ObjectName="dcProducts" ObjectType="MSAdodcLib.Adodc" PME="MaxRecords" Qty="1">MSAdodcLib.Adodc property dcProducts.MaxRecords was not upgraded.</Issue>
      <Issue Type="Design" Number="2064" ObjectName="dcProducts" ObjectType="MSAdodcLib.Adodc" PME="Orientation" Qty="1">MSAdodcLib.Adodc property dcProducts.Orientation was not upgraded.</Issue>
      <Issue Type="Design" Number="2064" ObjectName="ImageList1" ObjectType="MSComctlLib.ImageList" PME="Location" Qty="1">MSComctlLib.ImageList method ImageList1.Location was not upgraded.</Issue>
      <Issue Type="Design" Number="2064" ObjectName="Toolbar1" ObjectType="MSComctlLib.Toolbar" PME="ButtonWidth" Qty="1">MSComctlLib.Toolbar property Toolbar1.ButtonWidth was not upgraded.</Issue>
      <Issue Type="Design" Number="2064" ObjectName="Toolbar1" ObjectType="MSComctlLib.Toolbar" PME="ButtonHeight" Qty="1">MSComctlLib.Toolbar property Toolbar1.ButtonHeight was not upgraded.</Issue>
      <Issue Type="Design" Number="2064" ObjectName="Toolbar1" ObjectType="MSComctlLib.Toolbar" PME="Appearance" Qty="1">MSComctlLib.Toolbar property Toolbar1.Appearance was not upgraded.</Issue>
      <Issue Type="Design" Number="2064" ObjectName="Toolbar1_Buttons_Button1" ObjectType="MSComctlLib.IButton" PME="AutoSize" Qty="1">MSComctlLib.IButton method Toolbar1_Buttons_Button1.AutoSize was not upgraded.</Issue>
      <Issue Type="Design" Number="2064" ObjectName="Toolbar1_Buttons_Button2" ObjectType="MSComctlLib.IButton" PME="AutoSize" Qty="1">MSComctlLib.IButton method Toolbar1_Buttons_Button2.AutoSize was not upgraded.</Issue>
      <Issue Type="Design" Number="2064" ObjectName="Toolbar1_Buttons_Button3" ObjectType="MSComctlLib.IButton" PME="AutoSize" Qty="1">MSComctlLib.IButton method Toolbar1_Buttons_Button3.AutoSize was not upgraded.</Issue>
      <Issue Type="Design" Number="2064" ObjectName="Toolbar1_Buttons_Button4" ObjectType="MSComctlLib.IButton" PME="AutoSize" Qty="1">MSComctlLib.IButton method Toolbar1_Buttons_Button4.AutoSize was not upgraded.</Issue>
      <Issue Type="Design" Number="2064" ObjectName="Toolbar1_Buttons_Button5" ObjectType="MSComctlLib.IButton" PME="AutoSize" Qty="1">MSComctlLib.IButton method Toolbar1_Buttons_Button5.AutoSize was not upgraded.</Issue>
      <Issue Type="Design" Number="2064" ObjectName="Toolbar1_Buttons_Button6" ObjectType="MSComctlLib.IButton" PME="AutoSize" Qty="1">MSComctlLib.IButton method Toolbar1_Buttons_Button6.AutoSize was not upgraded.</Issue>
    </Section>
    <Section Name="txtCategory_Change">
      <Issue Type="Runtime" Number="2080" ObjectName="Information" ObjectType="Boolean" PME="IsEmpty" Qty="1">IsEmpty was upgraded to a comparison and has a new behavior.</Issue>
    </Section>
    <Section Name="Form_Load">
      <Issue Type="Runtime" Number="2080" ObjectType="Form" PME="Load" Qty="1">Form_Load event was upgraded to Form_Load method and has a new behavior.</Issue>
    </Section>
  </File>
  <File OldPath="C:\A1\_work\r7\a\SrcCode\src\WFNet\Source\SKS\SKS_VB6\frmAdjustStockManual.frm" NewPath="C:\A1\_work\out\Upgraded\frmAdjustStockManual.cs" FileType="Form" Upgraded="True">
    <Section Name="(Layout)">
      <Issue Type="Design" Number="2064" ObjectName="lvStocks" ObjectType="MSComctlLib.ListView" PME="LabelWrap" Qty="1">MSComctlLib.ListView property lvStocks.LabelWrap was not upgraded.</Issue>
      <Issue Type="Design" Number="2064" ObjectName="lvStocks_ColumnHeader_2_" ObjectType="MSComctlLib.ColumnHeader" PME="SubItemIndex" Qty="1">MSComctlLib.ColumnHeader property lvStocks_ColumnHeader_2_.SubItemIndex was not upgraded.</Issue>
      <Issue Type="Design" Number="2064" ObjectName="lvStocks_ColumnHeader_3_" ObjectType="MSComctlLib.ColumnHeader" PME="SubItemIndex" Qty="1">MSComctlLib.ColumnHeader property lvStocks_ColumnHeader_3_.SubItemIndex was not upgraded.</Issue>
      <Issue Type="Design" Number="2064" ObjectName="lvStocks_ColumnHeader_4_" ObjectType="MSComctlLib.ColumnHeader" PME="SubItemIndex" Qty="1">MSComctlLib.ColumnHeader property lvStocks_ColumnHeader_4_.SubItemIndex was not upgraded.</Issue>
      <Issue Type="Design" Number="2064" ObjectName="lvStocks_ColumnHeader_5_" ObjectType="MSComctlLib.ColumnHeader" PME="SubItemIndex" Qty="1">MSComctlLib.ColumnHeader property lvStocks_ColumnHeader_5_.SubItemIndex was not upgraded.</Issue>
      <Issue Type="Design" Number="2064" ObjectName="lvStocks_ColumnHeader_6_" ObjectType="MSComctlLib.ColumnHeader" PME="SubItemIndex" Qty="1">MSComctlLib.ColumnHeader property lvStocks_ColumnHeader_6_.SubItemIndex was not upgraded.</Issue>
      <Issue Type="Design" Number="2064" ObjectName="lvStocks_ColumnHeader_7_" ObjectType="MSComctlLib.ColumnHeader" PME="SubItemIndex" Qty="1">MSComctlLib.ColumnHeader property lvStocks_ColumnHeader_7_.SubItemIndex was not upgraded.</Issue>
      <Issue Type="Design" Number="2064" ObjectName="lvStocks_ColumnHeader_8_" ObjectType="MSComctlLib.ColumnHeader" PME="SubItemIndex" Qty="1">MSComctlLib.ColumnHeader property lvStocks_ColumnHeader_8_.SubItemIndex was not upgraded.</Issue>
      <Issue Type="Design" Number="2064" ObjectName="lvProducts" ObjectType="MSComctlLib.ListView" PME="LabelWrap" Qty="1">MSComctlLib.ListView property lvProducts.LabelWrap was not upgraded.</Issue>
      <Issue Type="Design" Number="2064" ObjectName="lvProducts_ColumnHeader_2_" ObjectType="MSComctlLib.ColumnHeader" PME="SubItemIndex" Qty="1">MSComctlLib.ColumnHeader property lvProducts_ColumnHeader_2_.SubItemIndex was not upgraded.</Issue>
      <Issue Type="Design" Number="2064" ObjectName="lvProducts_ColumnHeader_3_" ObjectType="MSComctlLib.ColumnHeader" PME="SubItemIndex" Qty="1">MSComctlLib.ColumnHeader property lvProducts_ColumnHeader_3_.SubItemIndex was not upgraded.</Issue>
      <Issue Type="Design" Number="2064" ObjectName="lvProducts_ColumnHeader_4_" ObjectType="MSComctlLib.ColumnHeader" PME="SubItemIndex" Qty="1">MSComctlLib.ColumnHeader property lvProducts_ColumnHeader_4_.SubItemIndex was not upgraded.</Issue>
      <Issue Type="Design" Number="2064" ObjectName="lvProducts_ColumnHeader_5_" ObjectType="MSComctlLib.ColumnHeader" PME="SubItemIndex" Qty="1">MSComctlLib.ColumnHeader property lvProducts_ColumnHeader_5_.SubItemIndex was not upgraded.</Issue>
      <Issue Type="Design" Number="2064" ObjectName="lvProducts_ColumnHeader_6_" ObjectType="MSComctlLib.ColumnHeader" PME="SubItemIndex" Qty="1">MSComctlLib.ColumnHeader property lvProducts_ColumnHeader_6_.SubItemIndex was not upgraded.</Issue>
      <Issue Type="Design" Number="2064" ObjectName="lvProducts_ColumnHeader_7_" ObjectType="MSComctlLib.ColumnHeader" PME="SubItemIndex" Qty="1">MSComctlLib.ColumnHeader property lvProducts_ColumnHeader_7_.SubItemIndex was not upgraded.</Issue>
    </Section>
    <Section Name="cmdSave_Click">
      <Issue Type="Runtime" Number="2081" ObjectName="Information.err" ObjectType="ErrObject" PME="Number" Qty="1">Err.Number has a new behavior.</Issue>
    </Section>
    <Section Name="DoSearchProduct">
      <Issue Type="Runtime" Number="2080" ObjectName="Information" ObjectType="Boolean" PME="IsEmpty" Qty="5">IsEmpty was upgraded to a comparison and has a new behavior.</Issue>
    </Section>
    <Section Name="DoSearchStocks">
      <Issue Type="Runtime" Number="2080" ObjectName="Information" ObjectType="Boolean" PME="IsEmpty" Qty="2">IsEmpty was upgraded to a comparison and has a new behavior.</Issue>
    </Section>
    <Section Name="RetrieveDataProduct">
      <Issue Type="Runtime" Number="2080" ObjectName="Information" ObjectType="Boolean" PME="IsEmpty" Qty="1">IsEmpty was upgraded to a comparison and has a new behavior.</Issue>
    </Section>
    <Section Name="txtValues_Change">
      <Issue Type="Runtime" Number="2080" ObjectName="Information" ObjectType="Boolean" PME="IsEmpty" Qty="2">IsEmpty was upgraded to a comparison and has a new behavior.</Issue>
    </Section>
  </File>
  <File OldPath="C:\A1\_work\r7\a\SrcCode\src\WFNet\Source\SKS\SKS_VB6\frmProviders.frm" NewPath="C:\A1\_work\out\Upgraded\frmProviders.cs" FileType="Form" Upgraded="True">
    <Section Name="(Layout)">
      <Issue Type="Design" Number="2045" ObjectName="dcProviders" ObjectType="Adodc" PME="Font" Qty="1">Only TrueType and OpenType fonts are supported in Windows Forms.</Issue>
      <Issue Type="Design" Number="2064" ObjectName="dcProviders" ObjectType="MSAdodcLib.Adodc" PME="ConnectionTimeout" Qty="1">MSAdodcLib.Adodc property dcProviders.ConnectionTimeout was not upgraded.</Issue>
      <Issue Type="Design" Number="2064" ObjectName="dcProviders" ObjectType="MSAdodcLib.Adodc" PME="CursorType" Qty="1">MSAdodcLib.Adodc property dcProviders.CursorType was not upgraded.</Issue>
      <Issue Type="Design" Number="2064" ObjectName="dcProviders" ObjectType="MSAdodcLib.Adodc" PME="CacheSize" Qty="1">MSAdodcLib.Adodc property dcProviders.CacheSize was not upgraded.</Issue>
      <Issue Type="Design" Number="2064" ObjectName="dcProviders" ObjectType="MSAdodcLib.Adodc" PME="MaxRecords" Qty="1">MSAdodcLib.Adodc property dcProviders.MaxRecords was not upgraded.</Issue>
      <Issue Type="Design" Number="2064" ObjectName="dcProviders" ObjectType="MSAdodcLib.Adodc" PME="Orientation" Qty="1">MSAdodcLib.Adodc property dcProviders.Orientation was not upgraded.</Issue>
      <Issue Type="Design" Number="2064" ObjectName="_txtField_1" ObjectType="TextBox" PME="DataField" Qty="1">TextBox property _txtField_1.DataField was not upgraded.</Issue>
      <Issue Type="Design" Number="2064" ObjectName="_txtField_1" ObjectType="TextBox" PME="DataSource" Qty="1">TextBox property _txtField_1.DataSource was not upgraded.</Issue>
      <Issue Type="Design" Number="2064" ObjectName="_txtField_4" ObjectType="TextBox" PME="DataField" Qty="1">TextBox property _txtField_4.DataField was not upgraded.</Issue>
      <Issue Type="Design" Number="2064" ObjectName="_txtField_4" ObjectType="TextBox" PME="DataSource" Qty="1">TextBox property _txtField_4.DataSource was not upgraded.</Issue>
      <Issue Type="Design" Number="2064" ObjectName="_txtField_0" ObjectType="TextBox" PME="DataField" Qty="1">TextBox property _txtField_0.DataField was not upgraded.</Issue>
      <Issue Type="Design" Number="2064" ObjectName="_txtField_0" ObjectType="TextBox" PME="DataSource" Qty="1">TextBox property _txtField_0.DataSource was not upgraded.</Issue>
      <Issue Type="Design" Number="2064" ObjectName="_txtField_6" ObjectType="TextBox" PME="DataField" Qty="1">TextBox property _txtField_6.DataField was not upgraded.</Issue>
      <Issue Type="Design" Number="2064" ObjectName="_txtField_6" ObjectType="TextBox" PME="DataSource" Qty="1">TextBox property _txtField_6.DataSource was not upgraded.</Issue>
      <Issue Type="Design" Number="2064" ObjectName="_txtField_7" ObjectType="TextBox" PME="DataField" Qty="1">TextBox property _txtField_7.DataField was not upgraded.</Issue>
      <Issue Type="Design" Number="2064" ObjectName="_txtField_7" ObjectType="TextBox" PME="DataSource" Qty="1">TextBox property _txtField_7.DataSource was not upgraded.</Issue>
      <Issue Type="Design" Number="2064" ObjectName="_txtField_2" ObjectType="TextBox" PME="DataField" Qty="1">TextBox property _txtField_2.DataField was not upgraded.</Issue>
      <Issue Type="Design" Number="2064" ObjectName="_txtField_2" ObjectType="TextBox" PME="DataSource" Qty="1">TextBox property _txtField_2.DataSource was not upgraded.</Issue>
      <Issue Type="Design" Number="2064" ObjectName="_txtField_5" ObjectType="TextBox" PME="DataField" Qty="1">TextBox property _txtField_5.DataField was not upgraded.</Issue>
      <Issue Type="Design" Number="2064" ObjectName="_txtField_5" ObjectType="TextBox" PME="DataSource" Qty="1">TextBox property _txtField_5.DataSource was not upgraded.</Issue>
      <Issue Type="Design" Number="2064" ObjectName="_txtField_11" ObjectType="TextBox" PME="DataField" Qty="1">TextBox property _txtField_11.DataField was not upgraded.</Issue>
      <Issue Type="Design" Number="2064" ObjectName="_txtField_11" ObjectType="TextBox" PME="DataSource" Qty="1">TextBox property _txtField_11.DataSource was not upgraded.</Issue>
      <Issue Type="Design" Number="2064" ObjectName="_txtField_13" ObjectType="TextBox" PME="DataField" Qty="1">TextBox property _txtField_13.DataField was not upgraded.</Issue>
      <Issue Type="Design" Number="2064" ObjectName="_txtField_13" ObjectType="TextBox" PME="DataSource" Qty="1">TextBox property _txtField_13.DataSource was not upgraded.</Issue>
      <Issue Type="Design" Number="2064" ObjectName="_txtField_12" ObjectType="TextBox" PME="DataField" Qty="1">TextBox property _txtField_12.DataField was not upgraded.</Issue>
      <Issue Type="Design" Number="2064" ObjectName="_txtField_12" ObjectType="TextBox" PME="DataSource" Qty="1">TextBox property _txtField_12.DataSource was not upgraded.</Issue>
      <Issue Type="Design" Number="2064" ObjectName="_txtField_8" ObjectType="TextBox" PME="DataField" Qty="1">TextBox property _txtField_8.DataField was not upgraded.</Issue>
      <Issue Type="Design" Number="2064" ObjectName="_txtField_8" ObjectType="TextBox" PME="DataSource" Qty="1">TextBox property _txtField_8.DataSource was not upgraded.</Issue>
      <Issue Type="Design" Number="2064" ObjectName="_txtField_10" ObjectType="TextBox" PME="DataField" Qty="1">TextBox property _txtField_10.DataField was not upgraded.</Issue>
      <Issue Type="Design" Number="2064" ObjectName="_txtField_10" ObjectType="TextBox" PME="DataSource" Qty="1">TextBox property _txtField_10.DataSource was not upgraded.</Issue>
      <Issue Type="Design" Number="2064" ObjectName="_txtField_14" ObjectType="TextBox" PME="DataField" Qty="1">TextBox property _txtField_14.DataField was not upgraded.</Issue>
      <Issue Type="Design" Number="2064" ObjectName="_txtField_14" ObjectType="TextBox" PME="DataSource" Qty="1">TextBox property _txtField_14.DataSource was not upgraded.</Issue>
      <Issue Type="Design" Number="2064" ObjectName="_txtField_9" ObjectType="TextBox" PME="DataField" Qty="1">TextBox property _txtField_9.DataField was not upgraded.</Issue>
      <Issue Type="Design" Number="2064" ObjectName="_txtField_9" ObjectType="TextBox" PME="DataSource" Qty="1">TextBox property _txtField_9.DataSource was not upgraded.</Issue>
      <Issue Type="Design" Number="2064" ObjectName="ImageList1" ObjectType="MSComctlLib.ImageList" PME="Location" Qty="1">MSComctlLib.ImageList method ImageList1.Location was not upgraded.</Issue>
      <Issue Type="Design" Number="2064" ObjectName="Toolbar1" ObjectType="MSComctlLib.Toolbar" PME="ButtonWidth" Qty="1">MSComctlLib.Toolbar property Toolbar1.ButtonWidth was not upgraded.</Issue>
      <Issue Type="Design" Number="2064" ObjectName="Toolbar1" ObjectType="MSComctlLib.Toolbar" PME="ButtonHeight" Qty="1">MSComctlLib.Toolbar property Toolbar1.ButtonHeight was not upgraded.</Issue>
      <Issue Type="Design" Number="2064" ObjectName="Toolbar1" ObjectType="MSComctlLib.Toolbar" PME="Appearance" Qty="1">MSComctlLib.Toolbar property Toolbar1.Appearance was not upgraded.</Issue>
      <Issue Type="Design" Number="2064" ObjectName="Toolbar1_Buttons_Button1" ObjectType="MSComctlLib.IButton" PME="AutoSize" Qty="1">MSComctlLib.IButton method Toolbar1_Buttons_Button1.AutoSize was not upgraded.</Issue>
      <Issue Type="Design" Number="2064" ObjectName="Toolbar1_Buttons_Button2" ObjectType="MSComctlLib.IButton" PME="AutoSize" Qty="1">MSComctlLib.IButton method Toolbar1_Buttons_Button2.AutoSize was not upgraded.</Issue>
      <Issue Type="Design" Number="2064" ObjectName="Toolbar1_Buttons_Button3" ObjectType="MSComctlLib.IButton" PME="AutoSize" Qty="1">MSComctlLib.IButton method Toolbar1_Buttons_Button3.AutoSize was not upgraded.</Issue>
      <Issue Type="Design" Number="2064" ObjectName="Toolbar1_Buttons_Button4" ObjectType="MSComctlLib.IButton" PME="AutoSize" Qty="1">MSComctlLib.IButton method Toolbar1_Buttons_Button4.AutoSize was not upgraded.</Issue>
      <Issue Type="Design" Number="2064" ObjectName="Toolbar1_Buttons_Button5" ObjectType="MSComctlLib.IButton" PME="AutoSize" Qty="1">MSComctlLib.IButton method Toolbar1_Buttons_Button5.AutoSize was not upgraded.</Issue>
      <Issue Type="Design" Number="2064" ObjectName="Toolbar1_Buttons_Button6" ObjectType="MSComctlLib.IButton" PME="AutoSize" Qty="1">MSComctlLib.IButton method Toolbar1_Buttons_Button6.AutoSize was not upgraded.</Issue>
      <Issue Type="Design" Number="6020" Qty="1">The length of array 'txtField' was set to the maximun used index.</Issue>
    </Section>
    <Section Name="Form_Load">
      <Issue Type="Runtime" Number="2080" ObjectType="Form" PME="Load" Qty="1">Form_Load event was upgraded to Form_Load method and has a new behavior.</Issue>
    </Section>
  </File>
  <File OldPath="C:\A1\_work\r7\a\SrcCode\src\WFNet\Source\SKS\SKS_VB6\frmOrderRequest.frm" NewPath="C:\A1\_work\out\Upgraded\frmOrderRequest.cs" FileType="Form" Upgraded="True">
    <Section Name="(Layout)">
      <Issue Type="Design" Number="2064" ObjectName="dtRequired" ObjectType="MSComCtl2.DTPicker" PME="CurrentDate" Qty="1">MSComCtl2.DTPicker method dtRequired.CurrentDate was not upgraded.</Issue>
      <Issue Type="Design" Number="2064" ObjectName="lvCustomers" ObjectType="MSComctlLib.ListView" PME="LabelWrap" Qty="1">MSComctlLib.ListView property lvCustomers.LabelWrap was not upgraded.</Issue>
      <Issue Type="Design" Number="2064" ObjectName="lvCustomers_ColumnHeader_2_" ObjectType="MSComctlLib.ColumnHeader" PME="SubItemIndex" Qty="1">MSComctlLib.ColumnHeader property lvCustomers_ColumnHeader_2_.SubItemIndex was not upgraded.</Issue>
      <Issue Type="Design" Number="2064" ObjectName="lvCustomers_ColumnHeader_3_" ObjectType="MSComctlLib.ColumnHeader" PME="SubItemIndex" Qty="1">MSComctlLib.ColumnHeader property lvCustomers_ColumnHeader_3_.SubItemIndex was not upgraded.</Issue>
      <Issue Type="Design" Number="2064" ObjectName="lvCustomers_ColumnHeader_4_" ObjectType="MSComctlLib.ColumnHeader" PME="SubItemIndex" Qty="1">MSComctlLib.ColumnHeader property lvCustomers_ColumnHeader_4_.SubItemIndex was not upgraded.</Issue>
      <Issue Type="Design" Number="2064" ObjectName="lvCustomers_ColumnHeader_5_" ObjectType="MSComctlLib.ColumnHeader" PME="SubItemIndex" Qty="1">MSComctlLib.ColumnHeader property lvCustomers_ColumnHeader_5_.SubItemIndex was not upgraded.</Issue>
      <Issue Type="Design" Number="2064" ObjectName="lvCustomers_ColumnHeader_6_" ObjectType="MSComctlLib.ColumnHeader" PME="SubItemIndex" Qty="1">MSComctlLib.ColumnHeader property lvCustomers_ColumnHeader_6_.SubItemIndex was not upgraded.</Issue>
      <Issue Type="Design" Number="2064" ObjectName="lvCustomers_ColumnHeader_7_" ObjectType="MSComctlLib.ColumnHeader" PME="SubItemIndex" Qty="1">MSComctlLib.ColumnHeader property lvCustomers_ColumnHeader_7_.SubItemIndex was not upgraded.</Issue>
      <Issue Type="Design" Number="2064" ObjectName="dtPromised" ObjectType="MSComCtl2.DTPicker" PME="CurrentDate" Qty="1">MSComCtl2.DTPicker method dtPromised.CurrentDate was not upgraded.</Issue>
    </Section>
    <Section Name="DoSearchCustomer">
      <Issue Type="Runtime" Number="2080" ObjectName="Information" ObjectType="Boolean" PME="IsEmpty" Qty="8">IsEmpty was upgraded to a comparison and has a new behavior.</Issue>
    </Section>
    <Section Name="cmdSave_Click">
      <Issue Type="Runtime" Number="1068" ObjectName="rs" ObjectType="ADODB.Field" PME="Value" Qty="1">dtRequired.value of type Variant is being forced to string.</Issue>
      <Issue Type="Runtime" Number="1068" ObjectName="rs" ObjectType="ADODB.Field" PME="Value" Qty="1">dtPromised.value of type Variant is being forced to string.</Issue>
      <Issue Type="Runtime" Number="2081" ObjectName="Information.err" ObjectType="ErrObject" PME="Number" Qty="1">Err.Number has a new behavior.</Issue>
    </Section>
    <Section Name="fgProducts_EnterCell">
      <Issue Type="Runtime" Number="2050" ObjectName="fgProducts" ObjectType="MSFlexGridLib.MSFlexGrid" PME="EnterCell" Qty="1">MSFlexGridLib.MSFlexGrid Event fgProducts.EnterCell was not upgraded.</Issue>
    </Section>
    <Section Name="Form_Load">
      <Issue Type="Runtime" Number="2080" ObjectType="Form" PME="Load" Qty="1">Form_Load event was upgraded to Form_Load method and has a new behavior.</Issue>
    </Section>
    <Section Name="RetrieveDataCustomer">
      <Issue Type="Runtime" Number="2080" ObjectName="Information" ObjectType="Boolean" PME="IsEmpty" Qty="1">IsEmpty was upgraded to a comparison and has a new behavior.</Issue>
    </Section>
  </File>
  <File OldPath="C:\A1\_work\r7\a\SrcCode\src\WFNet\Source\SKS\SKS_VB6\frmAddStockManual.frm" NewPath="C:\A1\_work\out\Upgraded\frmAddStockManual.cs" FileType="Form" Upgraded="True">
    <Section Name="(Layout)">
      <Issue Type="Design" Number="2064" ObjectName="_txtValues_2" ObjectType="TextBox" PME="DataFormat" Qty="1">TextBox property _txtValues_2.DataFormat was not upgraded.</Issue>
      <Issue Type="Design" Number="2064" ObjectName="_txtValues_1" ObjectType="TextBox" PME="DataFormat" Qty="1">TextBox property _txtValues_1.DataFormat was not upgraded.</Issue>
      <Issue Type="Design" Number="2064" ObjectName="_txtValues_0" ObjectType="TextBox" PME="DataFormat" Qty="1">TextBox property _txtValues_0.DataFormat was not upgraded.</Issue>
      <Issue Type="Design" Number="2064" ObjectName="lvProducts" ObjectType="MSComctlLib.ListView" PME="LabelWrap" Qty="1">MSComctlLib.ListView property lvProducts.LabelWrap was not upgraded.</Issue>
      <Issue Type="Design" Number="2064" ObjectName="lvProducts_ColumnHeader_2_" ObjectType="MSComctlLib.ColumnHeader" PME="SubItemIndex" Qty="1">MSComctlLib.ColumnHeader property lvProducts_ColumnHeader_2_.SubItemIndex was not upgraded.</Issue>
      <Issue Type="Design" Number="2064" ObjectName="lvProducts_ColumnHeader_3_" ObjectType="MSComctlLib.ColumnHeader" PME="SubItemIndex" Qty="1">MSComctlLib.ColumnHeader property lvProducts_ColumnHeader_3_.SubItemIndex was not upgraded.</Issue>
      <Issue Type="Design" Number="2064" ObjectName="lvProducts_ColumnHeader_4_" ObjectType="MSComctlLib.ColumnHeader" PME="SubItemIndex" Qty="1">MSComctlLib.ColumnHeader property lvProducts_ColumnHeader_4_.SubItemIndex was not upgraded.</Issue>
      <Issue Type="Design" Number="2064" ObjectName="lvProducts_ColumnHeader_5_" ObjectType="MSComctlLib.ColumnHeader" PME="SubItemIndex" Qty="1">MSComctlLib.ColumnHeader property lvProducts_ColumnHeader_5_.SubItemIndex was not upgraded.</Issue>
      <Issue Type="Design" Number="2064" ObjectName="lvProducts_ColumnHeader_6_" ObjectType="MSComctlLib.ColumnHeader" PME="SubItemIndex" Qty="1">MSComctlLib.ColumnHeader property lvProducts_ColumnHeader_6_.SubItemIndex was not upgraded.</Issue>
      <Issue Type="Design" Number="2064" ObjectName="lvProducts_ColumnHeader_7_" ObjectType="MSComctlLib.ColumnHeader" PME="SubItemIndex" Qty="1">MSComctlLib.ColumnHeader property lvProducts_ColumnHeader_7_.SubItemIndex was not upgraded.</Issue>
    </Section>
    <Section Name="cmdSave_Click">
      <Issue Type="Runtime" Number="2081" ObjectName="Information.err" ObjectType="ErrObject" PME="Number" Qty="1">Err.Number has a new behavior.</Issue>
    </Section>
    <Section Name="Form_Load">
      <Issue Type="Runtime" Number="2080" ObjectType="Form" PME="Load" Qty="1">Form_Load event was upgraded to Form_Load method and has a new behavior.</Issue>
    </Section>
    <Section Name="DoSearchProduct">
      <Issue Type="Runtime" Number="2080" ObjectName="Information" ObjectType="Boolean" PME="IsEmpty" Qty="5">IsEmpty was upgraded to a comparison and has a new behavior.</Issue>
    </Section>
    <Section Name="RetrieveDataProduct">
      <Issue Type="Runtime" Number="2080" ObjectName="Information" ObjectType="Boolean" PME="IsEmpty" Qty="3">IsEmpty was upgraded to a comparison and has a new behavior.</Issue>
    </Section>
    <Section Name="txtValues_Change">
      <Issue Type="Runtime" Number="2080" ObjectName="Information" ObjectType="Boolean" PME="IsEmpty" Qty="3">IsEmpty was upgraded to a comparison and has a new behavior.</Issue>
    </Section>
  </File>
  <File OldPath="C:\A1\_work\r7\a\SrcCode\src\WFNet\Source\SKS\SKS_VB6\frmOrderReception.frm" NewPath="C:\A1\_work\out\Upgraded\frmOrderReception.cs" FileType="Form" Upgraded="True">
    <Section Name="(Layout)">
      <Issue Type="Design" Number="2064" ObjectName="lvProviders" ObjectType="MSComctlLib.ListView" PME="LabelWrap" Qty="1">MSComctlLib.ListView property lvProviders.LabelWrap was not upgraded.</Issue>
      <Issue Type="Design" Number="2064" ObjectName="lvProviders_ColumnHeader_2_" ObjectType="MSComctlLib.ColumnHeader" PME="SubItemIndex" Qty="1">MSComctlLib.ColumnHeader property lvProviders_ColumnHeader_2_.SubItemIndex was not upgraded.</Issue>
      <Issue Type="Design" Number="2064" ObjectName="lvProviders_ColumnHeader_3_" ObjectType="MSComctlLib.ColumnHeader" PME="SubItemIndex" Qty="1">MSComctlLib.ColumnHeader property lvProviders_ColumnHeader_3_.SubItemIndex was not upgraded.</Issue>
      <Issue Type="Design" Number="2064" ObjectName="lvProviders_ColumnHeader_4_" ObjectType="MSComctlLib.ColumnHeader" PME="SubItemIndex" Qty="1">MSComctlLib.ColumnHeader property lvProviders_ColumnHeader_4_.SubItemIndex was not upgraded.</Issue>
      <Issue Type="Design" Number="2064" ObjectName="lvProviders_ColumnHeader_5_" ObjectType="MSComctlLib.ColumnHeader" PME="SubItemIndex" Qty="1">MSComctlLib.ColumnHeader property lvProviders_ColumnHeader_5_.SubItemIndex was not upgraded.</Issue>
      <Issue Type="Design" Number="2064" ObjectName="lvProviders_ColumnHeader_6_" ObjectType="MSComctlLib.ColumnHeader" PME="SubItemIndex" Qty="1">MSComctlLib.ColumnHeader property lvProviders_ColumnHeader_6_.SubItemIndex was not upgraded.</Issue>
      <Issue Type="Design" Number="2064" ObjectName="lvProviders_ColumnHeader_7_" ObjectType="MSComctlLib.ColumnHeader" PME="SubItemIndex" Qty="1">MSComctlLib.ColumnHeader property lvProviders_ColumnHeader_7_.SubItemIndex was not upgraded.</Issue>
    </Section>
    <Section Name="DoSearchProvider">
      <Issue Type="Runtime" Number="2080" ObjectName="Information" ObjectType="Boolean" PME="IsEmpty" Qty="9">IsEmpty was upgraded to a comparison and has a new behavior.</Issue>
    </Section>
    <Section Name="cmdSave_Click">
      <Issue Type="Runtime" Number="2081" ObjectName="Information.err" ObjectType="ErrObject" PME="Number" Qty="1">Err.Number has a new behavior.</Issue>
    </Section>
    <Section Name="fgProducts_EnterCell">
      <Issue Type="Runtime" Number="2050" ObjectName="fgProducts" ObjectType="MSFlexGridLib.MSFlexGrid" PME="EnterCell" Qty="1">MSFlexGridLib.MSFlexGrid Event fgProducts.EnterCell was not upgraded.</Issue>
    </Section>
    <Section Name="Form_Load">
      <Issue Type="Runtime" Number="2080" ObjectType="Form" PME="Load" Qty="1">Form_Load event was upgraded to Form_Load method and has a new behavior.</Issue>
    </Section>
    <Section Name="RetrieveDataProvider">
      <Issue Type="Runtime" Number="2080" ObjectName="Information" ObjectType="Boolean" PME="IsEmpty" Qty="1">IsEmpty was upgraded to a comparison and has a new behavior.</Issue>
    </Section>
  </File>
  <File OldPath="C:\A1\_work\r7\a\SrcCode\src\WFNet\Source\SKS\SKS_VB6\frmAddProductTo.frm" NewPath="C:\A1\_work\out\Upgraded\frmAddProductTo.cs" FileType="Form" Upgraded="True">
    <Section Name="(Layout)">
      <Issue Type="Design" Number="2064" ObjectName="lvProducts" ObjectType="MSComctlLib.ListView" PME="LabelWrap" Qty="1">MSComctlLib.ListView property lvProducts.LabelWrap was not upgraded.</Issue>
      <Issue Type="Design" Number="2064" ObjectName="lvProducts_ColumnHeader_2_" ObjectType="MSComctlLib.ColumnHeader" PME="SubItemIndex" Qty="1">MSComctlLib.ColumnHeader property lvProducts_ColumnHeader_2_.SubItemIndex was not upgraded.</Issue>
      <Issue Type="Design" Number="2064" ObjectName="lvProducts_ColumnHeader_3_" ObjectType="MSComctlLib.ColumnHeader" PME="SubItemIndex" Qty="1">MSComctlLib.ColumnHeader property lvProducts_ColumnHeader_3_.SubItemIndex was not upgraded.</Issue>
      <Issue Type="Design" Number="2064" ObjectName="lvProducts_ColumnHeader_4_" ObjectType="MSComctlLib.ColumnHeader" PME="SubItemIndex" Qty="1">MSComctlLib.ColumnHeader property lvProducts_ColumnHeader_4_.SubItemIndex was not upgraded.</Issue>
      <Issue Type="Design" Number="2064" ObjectName="lvProducts_ColumnHeader_5_" ObjectType="MSComctlLib.ColumnHeader" PME="SubItemIndex" Qty="1">MSComctlLib.ColumnHeader property lvProducts_ColumnHeader_5_.SubItemIndex was not upgraded.</Issue>
      <Issue Type="Design" Number="2064" ObjectName="lvProducts_ColumnHeader_6_" ObjectType="MSComctlLib.ColumnHeader" PME="SubItemIndex" Qty="1">MSComctlLib.ColumnHeader property lvProducts_ColumnHeader_6_.SubItemIndex was not upgraded.</Issue>
      <Issue Type="Design" Number="2064" ObjectName="lvProducts_ColumnHeader_7_" ObjectType="MSComctlLib.ColumnHeader" PME="SubItemIndex" Qty="1">MSComctlLib.ColumnHeader property lvProducts_ColumnHeader_7_.SubItemIndex was not upgraded.</Issue>
      <Issue Type="Design" Number="2064" ObjectName="lvProductsBy" ObjectType="MSComctlLib.ListView" PME="LabelWrap" Qty="1">MSComctlLib.ListView property lvProductsBy.LabelWrap was not upgraded.</Issue>
      <Issue Type="Design" Number="2064" ObjectName="lvProductsBy_ColumnHeader_2_" ObjectType="MSComctlLib.ColumnHeader" PME="SubItemIndex" Qty="1">MSComctlLib.ColumnHeader property lvProductsBy_ColumnHeader_2_.SubItemIndex was not upgraded.</Issue>
      <Issue Type="Design" Number="2064" ObjectName="lvProductsBy_ColumnHeader_3_" ObjectType="MSComctlLib.ColumnHeader" PME="SubItemIndex" Qty="1">MSComctlLib.ColumnHeader property lvProductsBy_ColumnHeader_3_.SubItemIndex was not upgraded.</Issue>
      <Issue Type="Design" Number="2064" ObjectName="lvProductsBy_ColumnHeader_4_" ObjectType="MSComctlLib.ColumnHeader" PME="SubItemIndex" Qty="1">MSComctlLib.ColumnHeader property lvProductsBy_ColumnHeader_4_.SubItemIndex was not upgraded.</Issue>
    </Section>
    <Section Name="cmdSave_Click">
      <Issue Type="Runtime" Number="2081" ObjectName="Information.err" ObjectType="ErrObject" PME="Number" Qty="1">Err.Number has a new behavior.</Issue>
    </Section>
    <Section Name="LoadProductsById">
      <Issue Type="Runtime" Number="2080" ObjectName="Information" ObjectType="Boolean" PME="IsEmpty" Qty="1">IsEmpty was upgraded to a comparison and has a new behavior.</Issue>
    </Section>
    <Section Name="DoSearchProduct">
      <Issue Type="Runtime" Number="2080" ObjectName="Information" ObjectType="Boolean" PME="IsEmpty" Qty="5">IsEmpty was upgraded to a comparison and has a new behavior.</Issue>
    </Section>
    <Section Name="AddProductToSet">
      <Issue Type="Runtime" Number="2080" ObjectName="Information" ObjectType="Boolean" PME="IsEmpty" Qty="1">IsEmpty was upgraded to a comparison and has a new behavior.</Issue>
    </Section>
  </File>
  <File OldPath="C:\A1\_work\r7\a\SrcCode\src\WFNet\Source\SKS\SKS_VB6\frmOrderAproval.frm" NewPath="C:\A1\_work\out\Upgraded\frmOrderAproval.cs" FileType="Form" Upgraded="True">
    <Section Name="(Layout)">
      <Issue Type="Design" Number="2081" ObjectName="_HiddenModule" ObjectType="Variant" PME="array" Qty="1">Array has a new behavior.</Issue>
      <Issue Type="Design" Number="2064" ObjectName="dtFrom" ObjectType="MSComCtl2.DTPicker" PME="CurrentDate" Qty="1">MSComCtl2.DTPicker method dtFrom.CurrentDate was not upgraded.</Issue>
      <Issue Type="Design" Number="2064" ObjectName="dtTo" ObjectType="MSComCtl2.DTPicker" PME="CurrentDate" Qty="1">MSComCtl2.DTPicker method dtTo.CurrentDate was not upgraded.</Issue>
    </Section>
    <Section Name="Form_Load">
      <Issue Type="Runtime" Number="2080" ObjectType="Form" PME="Load" Qty="1">Form_Load event was upgraded to Form_Load method and has a new behavior.</Issue>
    </Section>
    <Section Name="DoSearchReception">
      <Issue Type="Runtime" Number="2080" ObjectName="Information" ObjectType="Boolean" PME="IsEmpty" Qty="6">IsEmpty was upgraded to a comparison and has a new behavior.</Issue>
      <Issue Type="Runtime" Number="1068" ObjectName="cmdInfo" ObjectType="CommandButton" PME="Click" Qty="1">dtFrom.value of type Variant is being forced to DateTime.</Issue>
      <Issue Type="Runtime" Number="1068" ObjectName="cmdInfo" ObjectType="CommandButton" PME="Click" Qty="1">dtTo.value of type Variant is being forced to DateTime.</Issue>
    </Section>
  </File>
  <File OldPath="C:\A1\_work\r7\a\SrcCode\src\WFNet\Source\SKS\SKS_VB6\frmActionOrderReception.frm" NewPath="C:\A1\_work\out\Upgraded\frmActionOrderReception.cs" FileType="Form" Upgraded="True">
    <Section Name="cmdApprove_Click">
      <Issue Type="Runtime" Number="2081" ObjectName="Information.err" ObjectType="ErrObject" PME="Number" Qty="1">Err.Number has a new behavior.</Issue>
    </Section>
    <Section Name="cmdCancel_Click">
      <Issue Type="Runtime" Number="2081" ObjectName="Information.err" ObjectType="ErrObject" PME="Number" Qty="1">Err.Number has a new behavior.</Issue>
    </Section>
    <Section Name="Form_Load">
      <Issue Type="Runtime" Number="2080" ObjectType="Form" PME="Load" Qty="1">Form_Load event was upgraded to Form_Load method and has a new behavior.</Issue>
    </Section>
    <Section Name="LoadData">
      <Issue Type="Runtime" Number="1049" ObjectName="cmdCancel" ObjectType="CommandButton" PME="Click" Qty="3">Use of Null/IsNull() detected.</Issue>
    </Section>
    <Section Name="LoadDetails">
      <Issue Type="Runtime" Number="2080" ObjectName="Information" ObjectType="Boolean" PME="IsEmpty" Qty="1">IsEmpty was upgraded to a comparison and has a new behavior.</Issue>
    </Section>
  </File>
  <File OldPath="C:\A1\_work\r7\a\SrcCode\src\WFNet\Source\SKS\SKS_VB6\frmActionOrderRequest.frm" NewPath="C:\A1\_work\out\Upgraded\frmActionOrderRequest.cs" FileType="Form" Upgraded="True">
    <Section Name="cmdApprove_Click">
      <Issue Type="Runtime" Number="2081" ObjectName="Information.err" ObjectType="ErrObject" PME="Number" Qty="1">Err.Number has a new behavior.</Issue>
    </Section>
    <Section Name="cmdCancel_Click">
      <Issue Type="Runtime" Number="2081" ObjectName="Information.err" ObjectType="ErrObject" PME="Number" Qty="1">Err.Number has a new behavior.</Issue>
    </Section>
    <Section Name="Form_Load">
      <Issue Type="Runtime" Number="2080" ObjectType="Form" PME="Load" Qty="1">Form_Load event was upgraded to Form_Load method and has a new behavior.</Issue>
    </Section>
    <Section Name="LoadData">
      <Issue Type="Runtime" Number="1049" Qty="3">Use of Null/IsNull() detected.</Issue>
    </Section>
    <Section Name="LoadDetails">
      <Issue Type="Runtime" Number="2080" ObjectName="Information" ObjectType="Boolean" PME="IsEmpty" Qty="1">IsEmpty was upgraded to a comparison and has a new behavior.</Issue>
    </Section>
  </File>
  <File OldPath="C:\A1\_work\r7\a\SrcCode\src\WFNet\Source\SKS\SKS_VB6\frmRequestAproval.frm" NewPath="C:\A1\_work\out\Upgraded\frmRequestAproval.cs" FileType="Form" Upgraded="True">
    <Section Name="(Layout)">
      <Issue Type="Design" Number="2081" ObjectName="_HiddenModule" ObjectType="Variant" PME="array" Qty="1">Array has a new behavior.</Issue>
      <Issue Type="Design" Number="2064" ObjectName="dtFrom" ObjectType="MSComCtl2.DTPicker" PME="CurrentDate" Qty="1">MSComCtl2.DTPicker method dtFrom.CurrentDate was not upgraded.</Issue>
      <Issue Type="Design" Number="2064" ObjectName="dtTo" ObjectType="MSComCtl2.DTPicker" PME="CurrentDate" Qty="1">MSComCtl2.DTPicker method dtTo.CurrentDate was not upgraded.</Issue>
    </Section>
    <Section Name="Form_Load">
      <Issue Type="Runtime" Number="2080" ObjectType="Form" PME="Load" Qty="1">Form_Load event was upgraded to Form_Load method and has a new behavior.</Issue>
    </Section>
    <Section Name="DoSearchRequest">
      <Issue Type="Runtime" Number="2080" ObjectName="Information" ObjectType="Boolean" PME="IsEmpty" Qty="6">IsEmpty was upgraded to a comparison and has a new behavior.</Issue>
      <Issue Type="Runtime" Number="1068" ObjectName="cmdInfo" ObjectType="CommandButton" PME="Click" Qty="1">dtFrom.value of type Variant is being forced to DateTime.</Issue>
      <Issue Type="Runtime" Number="1068" ObjectName="cmdInfo" ObjectType="CommandButton" PME="Click" Qty="1">dtTo.value of type Variant is being forced to DateTime.</Issue>
    </Section>
  </File>
  <File OldPath="C:\A1\_work\r7\a\SrcCode\src\WFNet\Source\SKS\SKS_VB6\frmSplash.frm" NewPath="C:\A1\_work\out\Upgraded\frmSplash.cs" FileType="Form" Upgraded="True">
    <Section Name="(Layout)">
      <Issue Type="Design" Number="2064" ObjectName="frmSplash" ObjectType="Form" PME="ClipControls" Qty="1">Form property frmSplash.ClipControls was not upgraded.</Issue>
    </Section>
  </File>
</UpgradeLog>

